\BOOKMARK [1][]{section.2}{1 Introduction}{}% 1
\BOOKMARK [1][]{section.10}{2 Background}{}% 2
\BOOKMARK [2][]{subsection.11}{2.1 Autoencoders}{section.10}% 3
\BOOKMARK [3][]{subsubsection.12}{2.1.1 Architecture}{subsection.11}% 4
\BOOKMARK [3][]{subsubsection.13}{2.1.2 Convolutional autoencoders}{subsection.11}% 5
\BOOKMARK [3][]{subsubsection.14}{2.1.3 Variational autoencoders}{subsection.11}% 6
\BOOKMARK [2][]{subsection.16}{2.2 Deep symbolic reinforcement learning}{section.10}% 7
\BOOKMARK [3][]{subsubsection.17}{2.2.1 Reinforcement learning}{subsection.16}% 8
\BOOKMARK [3][]{subsubsection.18}{2.2.2 Symbolic artificial intelligence}{subsection.16}% 9
\BOOKMARK [3][]{subsubsection.19}{2.2.3 Deep symbolic reinforcement learning}{subsection.16}% 10
\BOOKMARK [2][]{subsection.20}{2.3 Representation learning}{section.10}% 11
\BOOKMARK [3][]{subsubsection.21}{2.3.1 Disentangled representations}{subsection.20}% 12
\BOOKMARK [3][]{subsubsection.23}{2.3.2 Transfer learning}{subsection.20}% 13
\BOOKMARK [3][]{subsubsection.30}{2.3.3 Zero-shot understanding}{subsection.20}% 14
\BOOKMARK [2][]{subsection.31}{2.4 Deeper investigation of -VAE}{section.10}% 15
\BOOKMARK [3][]{subsubsection.32}{2.4.1 Framework}{subsection.31}% 16
\BOOKMARK [3][]{subsubsection.34}{2.4.2 Disentanglement metric}{subsection.31}% 17
\BOOKMARK [3][]{subsubsection.35}{2.4.3 Quantitative performance}{subsection.31}% 18
\BOOKMARK [3][]{subsubsection.36}{2.4.4 Qualitative performance}{subsection.31}% 19
\BOOKMARK [2][]{subsection.37}{2.5 Libraries}{section.10}% 20
\BOOKMARK [3][]{subsubsection.38}{2.5.1 Keras}{subsection.37}% 21
\BOOKMARK [3][]{subsubsection.39}{2.5.2 Arcade Learning Environment}{subsection.37}% 22
\BOOKMARK [1][]{section.40}{3 Project Plan}{}% 23
\BOOKMARK [1][]{section.42}{4 Evaluation plan}{}% 24
